ERROR - 2021-05-26 02:43:14 --> Error connecting to the database: No such file or directory
CRITICAL - 2021-05-26 02:43:14 --> Unable to connect to the database.
Main connection [MySQLi]: No such file or directory
#0 /home/robl/phpDivinglog2/vendor/codeigniter4/framework/system/Database/BaseConnection.php(625): CodeIgniter\Database\BaseConnection->initialize()
#1 /home/robl/phpDivinglog2/vendor/codeigniter4/framework/system/Database/BaseBuilder.php(1881): CodeIgniter\Database\BaseConnection->query()
#2 /home/robl/phpDivinglog2/vendor/codeigniter4/framework/system/Model.php(197): CodeIgniter\Database\BaseBuilder->get()
#3 /home/robl/phpDivinglog2/vendor/codeigniter4/framework/system/BaseModel.php(603): CodeIgniter\Model->doFindAll()
#4 /home/robl/phpDivinglog2/app/Models/DivesModel.php(14): CodeIgniter\BaseModel->findAll()
#5 /home/robl/phpDivinglog2/app/Controllers/Dives.php(18): App\Models\DivesModel->getDives()
#6 /home/robl/phpDivinglog2/vendor/codeigniter4/framework/system/CodeIgniter.php(931): App\Controllers\Dives->index()
#7 /home/robl/phpDivinglog2/vendor/codeigniter4/framework/system/CodeIgniter.php(439): CodeIgniter\CodeIgniter->runController()
#8 /home/robl/phpDivinglog2/vendor/codeigniter4/framework/system/CodeIgniter.php(339): CodeIgniter\CodeIgniter->handleRequest()
#9 /home/robl/phpDivinglog2/public/index.php(36): CodeIgniter\CodeIgniter->run()
#10 /home/robl/phpDivinglog2/vendor/codeigniter4/framework/system/Commands/Server/rewrite.php(45): require_once('/home/robl/phpD...')
#11 {main}
ERROR - 2021-05-26 02:45:55 --> Error connecting to the database: No such file or directory
CRITICAL - 2021-05-26 02:45:55 --> Unable to connect to the database.
Main connection [MySQLi]: No such file or directory
#0 /home/robl/phpDivinglog2/vendor/codeigniter4/framework/system/Database/BaseConnection.php(625): CodeIgniter\Database\BaseConnection->initialize()
#1 /home/robl/phpDivinglog2/vendor/codeigniter4/framework/system/Database/BaseBuilder.php(1881): CodeIgniter\Database\BaseConnection->query()
#2 /home/robl/phpDivinglog2/vendor/codeigniter4/framework/system/Model.php(197): CodeIgniter\Database\BaseBuilder->get()
#3 /home/robl/phpDivinglog2/vendor/codeigniter4/framework/system/BaseModel.php(603): CodeIgniter\Model->doFindAll()
#4 /home/robl/phpDivinglog2/app/Models/NewsModel.php(14): CodeIgniter\BaseModel->findAll()
#5 /home/robl/phpDivinglog2/app/Controllers/News.php(15): App\Models\NewsModel->getNews()
#6 /home/robl/phpDivinglog2/vendor/codeigniter4/framework/system/CodeIgniter.php(931): App\Controllers\News->index()
#7 /home/robl/phpDivinglog2/vendor/codeigniter4/framework/system/CodeIgniter.php(439): CodeIgniter\CodeIgniter->runController()
#8 /home/robl/phpDivinglog2/vendor/codeigniter4/framework/system/CodeIgniter.php(339): CodeIgniter\CodeIgniter->handleRequest()
#9 /home/robl/phpDivinglog2/public/index.php(36): CodeIgniter\CodeIgniter->run()
#10 /home/robl/phpDivinglog2/vendor/codeigniter4/framework/system/Commands/Server/rewrite.php(45): require_once('/home/robl/phpD...')
#11 {main}
ERROR - 2021-05-26 02:47:58 --> Error connecting to the database: No such file or directory
CRITICAL - 2021-05-26 02:47:58 --> Unable to connect to the database.
Main connection [MySQLi]: No such file or directory
#0 /home/robl/phpDivinglog2/vendor/codeigniter4/framework/system/Database/BaseConnection.php(625): CodeIgniter\Database\BaseConnection->initialize()
#1 /home/robl/phpDivinglog2/vendor/codeigniter4/framework/system/Database/BaseBuilder.php(1881): CodeIgniter\Database\BaseConnection->query()
#2 /home/robl/phpDivinglog2/vendor/codeigniter4/framework/system/Model.php(197): CodeIgniter\Database\BaseBuilder->get()
#3 /home/robl/phpDivinglog2/vendor/codeigniter4/framework/system/BaseModel.php(603): CodeIgniter\Model->doFindAll()
#4 /home/robl/phpDivinglog2/app/Models/NewsModel.php(14): CodeIgniter\BaseModel->findAll()
#5 /home/robl/phpDivinglog2/app/Controllers/News.php(15): App\Models\NewsModel->getNews()
#6 /home/robl/phpDivinglog2/vendor/codeigniter4/framework/system/CodeIgniter.php(931): App\Controllers\News->index()
#7 /home/robl/phpDivinglog2/vendor/codeigniter4/framework/system/CodeIgniter.php(439): CodeIgniter\CodeIgniter->runController()
#8 /home/robl/phpDivinglog2/vendor/codeigniter4/framework/system/CodeIgniter.php(339): CodeIgniter\CodeIgniter->handleRequest()
#9 /home/robl/phpDivinglog2/public/index.php(36): CodeIgniter\CodeIgniter->run()
#10 /home/robl/phpDivinglog2/vendor/codeigniter4/framework/system/Commands/Server/rewrite.php(45): require_once('/home/robl/phpD...')
#11 {main}
ERROR - 2021-05-26 02:48:00 --> Error connecting to the database: No such file or directory
CRITICAL - 2021-05-26 02:48:00 --> Unable to connect to the database.
Main connection [MySQLi]: No such file or directory
#0 /home/robl/phpDivinglog2/vendor/codeigniter4/framework/system/Database/BaseConnection.php(625): CodeIgniter\Database\BaseConnection->initialize()
#1 /home/robl/phpDivinglog2/vendor/codeigniter4/framework/system/Database/BaseBuilder.php(1881): CodeIgniter\Database\BaseConnection->query()
#2 /home/robl/phpDivinglog2/vendor/codeigniter4/framework/system/Model.php(197): CodeIgniter\Database\BaseBuilder->get()
#3 /home/robl/phpDivinglog2/vendor/codeigniter4/framework/system/BaseModel.php(603): CodeIgniter\Model->doFindAll()
#4 /home/robl/phpDivinglog2/app/Models/NewsModel.php(14): CodeIgniter\BaseModel->findAll()
#5 /home/robl/phpDivinglog2/app/Controllers/News.php(15): App\Models\NewsModel->getNews()
#6 /home/robl/phpDivinglog2/vendor/codeigniter4/framework/system/CodeIgniter.php(931): App\Controllers\News->index()
#7 /home/robl/phpDivinglog2/vendor/codeigniter4/framework/system/CodeIgniter.php(439): CodeIgniter\CodeIgniter->runController()
#8 /home/robl/phpDivinglog2/vendor/codeigniter4/framework/system/CodeIgniter.php(339): CodeIgniter\CodeIgniter->handleRequest()
#9 /home/robl/phpDivinglog2/public/index.php(36): CodeIgniter\CodeIgniter->run()
#10 /home/robl/phpDivinglog2/vendor/codeigniter4/framework/system/Commands/Server/rewrite.php(45): require_once('/home/robl/phpD...')
#11 {main}
ERROR - 2021-05-26 02:48:00 --> Error connecting to the database: No such file or directory
CRITICAL - 2021-05-26 02:48:00 --> Unable to connect to the database.
Main connection [MySQLi]: No such file or directory
#0 /home/robl/phpDivinglog2/vendor/codeigniter4/framework/system/Database/BaseConnection.php(625): CodeIgniter\Database\BaseConnection->initialize()
#1 /home/robl/phpDivinglog2/vendor/codeigniter4/framework/system/Database/BaseBuilder.php(1881): CodeIgniter\Database\BaseConnection->query()
#2 /home/robl/phpDivinglog2/vendor/codeigniter4/framework/system/Model.php(197): CodeIgniter\Database\BaseBuilder->get()
#3 /home/robl/phpDivinglog2/vendor/codeigniter4/framework/system/BaseModel.php(603): CodeIgniter\Model->doFindAll()
#4 /home/robl/phpDivinglog2/app/Models/NewsModel.php(14): CodeIgniter\BaseModel->findAll()
#5 /home/robl/phpDivinglog2/app/Controllers/News.php(15): App\Models\NewsModel->getNews()
#6 /home/robl/phpDivinglog2/vendor/codeigniter4/framework/system/CodeIgniter.php(931): App\Controllers\News->index()
#7 /home/robl/phpDivinglog2/vendor/codeigniter4/framework/system/CodeIgniter.php(439): CodeIgniter\CodeIgniter->runController()
#8 /home/robl/phpDivinglog2/vendor/codeigniter4/framework/system/CodeIgniter.php(339): CodeIgniter\CodeIgniter->handleRequest()
#9 /home/robl/phpDivinglog2/public/index.php(36): CodeIgniter\CodeIgniter->run()
#10 /home/robl/phpDivinglog2/vendor/codeigniter4/framework/system/Commands/Server/rewrite.php(45): require_once('/home/robl/phpD...')
#11 {main}
ERROR - 2021-05-26 02:48:00 --> Error connecting to the database: No such file or directory
CRITICAL - 2021-05-26 02:48:00 --> Unable to connect to the database.
Main connection [MySQLi]: No such file or directory
#0 /home/robl/phpDivinglog2/vendor/codeigniter4/framework/system/Database/BaseConnection.php(625): CodeIgniter\Database\BaseConnection->initialize()
#1 /home/robl/phpDivinglog2/vendor/codeigniter4/framework/system/Database/BaseBuilder.php(1881): CodeIgniter\Database\BaseConnection->query()
#2 /home/robl/phpDivinglog2/vendor/codeigniter4/framework/system/Model.php(197): CodeIgniter\Database\BaseBuilder->get()
#3 /home/robl/phpDivinglog2/vendor/codeigniter4/framework/system/BaseModel.php(603): CodeIgniter\Model->doFindAll()
#4 /home/robl/phpDivinglog2/app/Models/NewsModel.php(14): CodeIgniter\BaseModel->findAll()
#5 /home/robl/phpDivinglog2/app/Controllers/News.php(15): App\Models\NewsModel->getNews()
#6 /home/robl/phpDivinglog2/vendor/codeigniter4/framework/system/CodeIgniter.php(931): App\Controllers\News->index()
#7 /home/robl/phpDivinglog2/vendor/codeigniter4/framework/system/CodeIgniter.php(439): CodeIgniter\CodeIgniter->runController()
#8 /home/robl/phpDivinglog2/vendor/codeigniter4/framework/system/CodeIgniter.php(339): CodeIgniter\CodeIgniter->handleRequest()
#9 /home/robl/phpDivinglog2/public/index.php(36): CodeIgniter\CodeIgniter->run()
#10 /home/robl/phpDivinglog2/vendor/codeigniter4/framework/system/Commands/Server/rewrite.php(45): require_once('/home/robl/phpD...')
#11 {main}
ERROR - 2021-05-26 02:48:02 --> Error connecting to the database: No such file or directory
CRITICAL - 2021-05-26 02:48:02 --> Unable to connect to the database.
Main connection [MySQLi]: No such file or directory
#0 /home/robl/phpDivinglog2/vendor/codeigniter4/framework/system/Database/BaseConnection.php(625): CodeIgniter\Database\BaseConnection->initialize()
#1 /home/robl/phpDivinglog2/vendor/codeigniter4/framework/system/Database/BaseBuilder.php(1881): CodeIgniter\Database\BaseConnection->query()
#2 /home/robl/phpDivinglog2/vendor/codeigniter4/framework/system/Model.php(197): CodeIgniter\Database\BaseBuilder->get()
#3 /home/robl/phpDivinglog2/vendor/codeigniter4/framework/system/BaseModel.php(603): CodeIgniter\Model->doFindAll()
#4 /home/robl/phpDivinglog2/app/Models/NewsModel.php(14): CodeIgniter\BaseModel->findAll()
#5 /home/robl/phpDivinglog2/app/Controllers/News.php(15): App\Models\NewsModel->getNews()
#6 /home/robl/phpDivinglog2/vendor/codeigniter4/framework/system/CodeIgniter.php(931): App\Controllers\News->index()
#7 /home/robl/phpDivinglog2/vendor/codeigniter4/framework/system/CodeIgniter.php(439): CodeIgniter\CodeIgniter->runController()
#8 /home/robl/phpDivinglog2/vendor/codeigniter4/framework/system/CodeIgniter.php(339): CodeIgniter\CodeIgniter->handleRequest()
#9 /home/robl/phpDivinglog2/public/index.php(36): CodeIgniter\CodeIgniter->run()
#10 /home/robl/phpDivinglog2/vendor/codeigniter4/framework/system/Commands/Server/rewrite.php(45): require_once('/home/robl/phpD...')
#11 {main}
ERROR - 2021-05-26 02:55:02 --> Error connecting to the database: No such file or directory
CRITICAL - 2021-05-26 02:55:02 --> Unable to connect to the database.
Main connection [MySQLi]: No such file or directory
#0 /home/robl/phpDivinglog2/vendor/codeigniter4/framework/system/Database/BaseConnection.php(625): CodeIgniter\Database\BaseConnection->initialize()
#1 /home/robl/phpDivinglog2/vendor/codeigniter4/framework/system/Database/BaseBuilder.php(1881): CodeIgniter\Database\BaseConnection->query()
#2 /home/robl/phpDivinglog2/vendor/codeigniter4/framework/system/Model.php(197): CodeIgniter\Database\BaseBuilder->get()
#3 /home/robl/phpDivinglog2/vendor/codeigniter4/framework/system/BaseModel.php(603): CodeIgniter\Model->doFindAll()
#4 /home/robl/phpDivinglog2/app/Models/NewsModel.php(14): CodeIgniter\BaseModel->findAll()
#5 /home/robl/phpDivinglog2/app/Controllers/News.php(15): App\Models\NewsModel->getNews()
#6 /home/robl/phpDivinglog2/vendor/codeigniter4/framework/system/CodeIgniter.php(931): App\Controllers\News->index()
#7 /home/robl/phpDivinglog2/vendor/codeigniter4/framework/system/CodeIgniter.php(439): CodeIgniter\CodeIgniter->runController()
#8 /home/robl/phpDivinglog2/vendor/codeigniter4/framework/system/CodeIgniter.php(339): CodeIgniter\CodeIgniter->handleRequest()
#9 /home/robl/phpDivinglog2/public/index.php(36): CodeIgniter\CodeIgniter->run()
#10 /home/robl/phpDivinglog2/vendor/codeigniter4/framework/system/Commands/Server/rewrite.php(45): require_once('/home/robl/phpD...')
#11 {main}
CRITICAL - 2021-05-26 04:38:46 --> Undefined variable: place_data
#0 /home/robl/phpDivinglog2/app/Views/place_view.php(53): CodeIgniter\Debug\Exceptions->errorHandler()
#1 /home/robl/phpDivinglog2/vendor/codeigniter4/framework/system/View/View.php(230): include('/home/robl/phpD...')
#2 /home/robl/phpDivinglog2/vendor/codeigniter4/framework/system/View/View.php(232): CodeIgniter\View\View->CodeIgniter\View\{closure}()
#3 /home/robl/phpDivinglog2/vendor/codeigniter4/framework/system/Common.php(1250): CodeIgniter\View\View->render()
#4 /home/robl/phpDivinglog2/app/Controllers/Place.php(10): view()
#5 /home/robl/phpDivinglog2/vendor/codeigniter4/framework/system/CodeIgniter.php(931): App\Controllers\Place->index()
#6 /home/robl/phpDivinglog2/vendor/codeigniter4/framework/system/CodeIgniter.php(439): CodeIgniter\CodeIgniter->runController()
#7 /home/robl/phpDivinglog2/vendor/codeigniter4/framework/system/CodeIgniter.php(339): CodeIgniter\CodeIgniter->handleRequest()
#8 /home/robl/phpDivinglog2/public/index.php(36): CodeIgniter\CodeIgniter->run()
#9 /home/robl/phpDivinglog2/vendor/codeigniter4/framework/system/Commands/Server/rewrite.php(45): require_once('/home/robl/phpD...')
#10 {main}
CRITICAL - 2021-05-26 04:38:47 --> Undefined variable: place_data
#0 /home/robl/phpDivinglog2/app/Views/place_view.php(53): CodeIgniter\Debug\Exceptions->errorHandler()
#1 /home/robl/phpDivinglog2/vendor/codeigniter4/framework/system/View/View.php(230): include('/home/robl/phpD...')
#2 /home/robl/phpDivinglog2/vendor/codeigniter4/framework/system/View/View.php(232): CodeIgniter\View\View->CodeIgniter\View\{closure}()
#3 /home/robl/phpDivinglog2/vendor/codeigniter4/framework/system/Common.php(1250): CodeIgniter\View\View->render()
#4 /home/robl/phpDivinglog2/app/Controllers/Place.php(10): view()
#5 /home/robl/phpDivinglog2/vendor/codeigniter4/framework/system/CodeIgniter.php(931): App\Controllers\Place->index()
#6 /home/robl/phpDivinglog2/vendor/codeigniter4/framework/system/CodeIgniter.php(439): CodeIgniter\CodeIgniter->runController()
#7 /home/robl/phpDivinglog2/vendor/codeigniter4/framework/system/CodeIgniter.php(339): CodeIgniter\CodeIgniter->handleRequest()
#8 /home/robl/phpDivinglog2/public/index.php(36): CodeIgniter\CodeIgniter->run()
#9 /home/robl/phpDivinglog2/vendor/codeigniter4/framework/system/Commands/Server/rewrite.php(45): require_once('/home/robl/phpD...')
#10 {main}
CRITICAL - 2021-05-26 04:38:47 --> Undefined variable: place_data
#0 /home/robl/phpDivinglog2/app/Views/place_view.php(53): CodeIgniter\Debug\Exceptions->errorHandler()
#1 /home/robl/phpDivinglog2/vendor/codeigniter4/framework/system/View/View.php(230): include('/home/robl/phpD...')
#2 /home/robl/phpDivinglog2/vendor/codeigniter4/framework/system/View/View.php(232): CodeIgniter\View\View->CodeIgniter\View\{closure}()
#3 /home/robl/phpDivinglog2/vendor/codeigniter4/framework/system/Common.php(1250): CodeIgniter\View\View->render()
#4 /home/robl/phpDivinglog2/app/Controllers/Place.php(10): view()
#5 /home/robl/phpDivinglog2/vendor/codeigniter4/framework/system/CodeIgniter.php(931): App\Controllers\Place->index()
#6 /home/robl/phpDivinglog2/vendor/codeigniter4/framework/system/CodeIgniter.php(439): CodeIgniter\CodeIgniter->runController()
#7 /home/robl/phpDivinglog2/vendor/codeigniter4/framework/system/CodeIgniter.php(339): CodeIgniter\CodeIgniter->handleRequest()
#8 /home/robl/phpDivinglog2/public/index.php(36): CodeIgniter\CodeIgniter->run()
#9 /home/robl/phpDivinglog2/vendor/codeigniter4/framework/system/Commands/Server/rewrite.php(45): require_once('/home/robl/phpD...')
#10 {main}
CRITICAL - 2021-05-26 04:42:18 --> Undefined variable: pagination_link
#0 /home/robl/phpDivinglog2/app/Views/place_view.php(72): CodeIgniter\Debug\Exceptions->errorHandler()
#1 /home/robl/phpDivinglog2/vendor/codeigniter4/framework/system/View/View.php(230): include('/home/robl/phpD...')
#2 /home/robl/phpDivinglog2/vendor/codeigniter4/framework/system/View/View.php(232): CodeIgniter\View\View->CodeIgniter\View\{closure}()
#3 /home/robl/phpDivinglog2/vendor/codeigniter4/framework/system/Common.php(1250): CodeIgniter\View\View->render()
#4 /home/robl/phpDivinglog2/app/Controllers/Place.php(10): view()
#5 /home/robl/phpDivinglog2/vendor/codeigniter4/framework/system/CodeIgniter.php(931): App\Controllers\Place->index()
#6 /home/robl/phpDivinglog2/vendor/codeigniter4/framework/system/CodeIgniter.php(439): CodeIgniter\CodeIgniter->runController()
#7 /home/robl/phpDivinglog2/vendor/codeigniter4/framework/system/CodeIgniter.php(339): CodeIgniter\CodeIgniter->handleRequest()
#8 /home/robl/phpDivinglog2/public/index.php(36): CodeIgniter\CodeIgniter->run()
#9 /home/robl/phpDivinglog2/vendor/codeigniter4/framework/system/Commands/Server/rewrite.php(45): require_once('/home/robl/phpD...')
#10 {main}
CRITICAL - 2021-05-26 04:42:22 --> Undefined variable: pagination_link
#0 /home/robl/phpDivinglog2/app/Views/place_view.php(72): CodeIgniter\Debug\Exceptions->errorHandler()
#1 /home/robl/phpDivinglog2/vendor/codeigniter4/framework/system/View/View.php(230): include('/home/robl/phpD...')
#2 /home/robl/phpDivinglog2/vendor/codeigniter4/framework/system/View/View.php(232): CodeIgniter\View\View->CodeIgniter\View\{closure}()
#3 /home/robl/phpDivinglog2/vendor/codeigniter4/framework/system/Common.php(1250): CodeIgniter\View\View->render()
#4 /home/robl/phpDivinglog2/app/Controllers/Place.php(10): view()
#5 /home/robl/phpDivinglog2/vendor/codeigniter4/framework/system/CodeIgniter.php(931): App\Controllers\Place->index()
#6 /home/robl/phpDivinglog2/vendor/codeigniter4/framework/system/CodeIgniter.php(439): CodeIgniter\CodeIgniter->runController()
#7 /home/robl/phpDivinglog2/vendor/codeigniter4/framework/system/CodeIgniter.php(339): CodeIgniter\CodeIgniter->handleRequest()
#8 /home/robl/phpDivinglog2/public/index.php(36): CodeIgniter\CodeIgniter->run()
#9 /home/robl/phpDivinglog2/vendor/codeigniter4/framework/system/Commands/Server/rewrite.php(45): require_once('/home/robl/phpD...')
#10 {main}
CRITICAL - 2021-05-26 04:59:35 --> Must be requested by jQuery DataTables.
#0 /home/robl/phpDivinglog2/app/Controllers/Place.php(15): monken\TablesIgniter->__construct()
#1 /home/robl/phpDivinglog2/vendor/codeigniter4/framework/system/CodeIgniter.php(931): App\Controllers\Place->fetch_all()
#2 /home/robl/phpDivinglog2/vendor/codeigniter4/framework/system/CodeIgniter.php(439): CodeIgniter\CodeIgniter->runController()
#3 /home/robl/phpDivinglog2/vendor/codeigniter4/framework/system/CodeIgniter.php(339): CodeIgniter\CodeIgniter->handleRequest()
#4 /home/robl/phpDivinglog2/public/index.php(36): CodeIgniter\CodeIgniter->run()
#5 /home/robl/phpDivinglog2/vendor/codeigniter4/framework/system/Commands/Server/rewrite.php(45): require_once('/home/robl/phpD...')
#6 {main}
CRITICAL - 2021-05-26 06:23:39 --> Too few arguments to function App\Controllers\Place::view(), 0 passed in /home/robl/phpDivinglog2/vendor/codeigniter4/framework/system/CodeIgniter.php on line 931 and exactly 1 expected
#0 /home/robl/phpDivinglog2/vendor/codeigniter4/framework/system/CodeIgniter.php(931): App\Controllers\Place->view()
#1 /home/robl/phpDivinglog2/vendor/codeigniter4/framework/system/CodeIgniter.php(439): CodeIgniter\CodeIgniter->runController()
#2 /home/robl/phpDivinglog2/vendor/codeigniter4/framework/system/CodeIgniter.php(339): CodeIgniter\CodeIgniter->handleRequest()
#3 /home/robl/phpDivinglog2/public/index.php(36): CodeIgniter\CodeIgniter->run()
#4 /home/robl/phpDivinglog2/vendor/codeigniter4/framework/system/Commands/Server/rewrite.php(45): require_once('/home/robl/phpD...')
#5 {main}
CRITICAL - 2021-05-26 06:34:47 --> Undefined variable: title
#0 /home/robl/phpDivinglog2/app/Views/templates/header.php(20): CodeIgniter\Debug\Exceptions->errorHandler()
#1 /home/robl/phpDivinglog2/vendor/codeigniter4/framework/system/View/View.php(230): include('/home/robl/phpD...')
#2 /home/robl/phpDivinglog2/vendor/codeigniter4/framework/system/View/View.php(232): CodeIgniter\View\View->CodeIgniter\View\{closure}()
#3 /home/robl/phpDivinglog2/vendor/codeigniter4/framework/system/Common.php(1250): CodeIgniter\View\View->render()
#4 /home/robl/phpDivinglog2/app/Controllers/Place.php(14): view()
#5 /home/robl/phpDivinglog2/vendor/codeigniter4/framework/system/CodeIgniter.php(931): App\Controllers\Place->index()
#6 /home/robl/phpDivinglog2/vendor/codeigniter4/framework/system/CodeIgniter.php(439): CodeIgniter\CodeIgniter->runController()
#7 /home/robl/phpDivinglog2/vendor/codeigniter4/framework/system/CodeIgniter.php(339): CodeIgniter\CodeIgniter->handleRequest()
#8 /home/robl/phpDivinglog2/public/index.php(36): CodeIgniter\CodeIgniter->run()
#9 /home/robl/phpDivinglog2/vendor/codeigniter4/framework/system/Commands/Server/rewrite.php(45): require_once('/home/robl/phpD...')
#10 {main}
ERROR - 2021-05-26 07:09:49 --> Column 'Place' in order clause is ambiguous
CRITICAL - 2021-05-26 07:09:49 --> Column 'Place' in order clause is ambiguous
#0 /home/robl/phpDivinglog2/vendor/codeigniter4/framework/system/Database/MySQLi/Connection.php(329): mysqli->query()
#1 /home/robl/phpDivinglog2/vendor/codeigniter4/framework/system/Database/BaseConnection.php(732): CodeIgniter\Database\MySQLi\Connection->execute()
#2 /home/robl/phpDivinglog2/vendor/codeigniter4/framework/system/Database/BaseConnection.php(647): CodeIgniter\Database\BaseConnection->simpleQuery()
#3 /home/robl/phpDivinglog2/vendor/codeigniter4/framework/system/Database/BaseBuilder.php(1881): CodeIgniter\Database\BaseConnection->query()
#4 /home/robl/phpDivinglog2/vendor/monken/tablesigniter/src/TablesIgniter.php(171): CodeIgniter\Database\BaseBuilder->get()
#5 /home/robl/phpDivinglog2/vendor/monken/tablesigniter/src/TablesIgniter.php(249): monken\TablesIgniter->getQuery()
#6 /home/robl/phpDivinglog2/app/Controllers/Place.php(32): monken\TablesIgniter->getDatatable()
#7 /home/robl/phpDivinglog2/vendor/codeigniter4/framework/system/CodeIgniter.php(931): App\Controllers\Place->fetch_all()
#8 /home/robl/phpDivinglog2/vendor/codeigniter4/framework/system/CodeIgniter.php(439): CodeIgniter\CodeIgniter->runController()
#9 /home/robl/phpDivinglog2/vendor/codeigniter4/framework/system/CodeIgniter.php(339): CodeIgniter\CodeIgniter->handleRequest()
#10 /home/robl/phpDivinglog2/public/index.php(36): CodeIgniter\CodeIgniter->run()
#11 /home/robl/phpDivinglog2/vendor/codeigniter4/framework/system/Commands/Server/rewrite.php(45): require_once('/home/robl/phpD...')
#12 {main}
ERROR - 2021-05-26 07:09:54 --> Column 'Place' in order clause is ambiguous
CRITICAL - 2021-05-26 07:09:54 --> Column 'Place' in order clause is ambiguous
#0 /home/robl/phpDivinglog2/vendor/codeigniter4/framework/system/Database/MySQLi/Connection.php(329): mysqli->query()
#1 /home/robl/phpDivinglog2/vendor/codeigniter4/framework/system/Database/BaseConnection.php(732): CodeIgniter\Database\MySQLi\Connection->execute()
#2 /home/robl/phpDivinglog2/vendor/codeigniter4/framework/system/Database/BaseConnection.php(647): CodeIgniter\Database\BaseConnection->simpleQuery()
#3 /home/robl/phpDivinglog2/vendor/codeigniter4/framework/system/Database/BaseBuilder.php(1881): CodeIgniter\Database\BaseConnection->query()
#4 /home/robl/phpDivinglog2/vendor/monken/tablesigniter/src/TablesIgniter.php(171): CodeIgniter\Database\BaseBuilder->get()
#5 /home/robl/phpDivinglog2/vendor/monken/tablesigniter/src/TablesIgniter.php(249): monken\TablesIgniter->getQuery()
#6 /home/robl/phpDivinglog2/app/Controllers/Place.php(32): monken\TablesIgniter->getDatatable()
#7 /home/robl/phpDivinglog2/vendor/codeigniter4/framework/system/CodeIgniter.php(931): App\Controllers\Place->fetch_all()
#8 /home/robl/phpDivinglog2/vendor/codeigniter4/framework/system/CodeIgniter.php(439): CodeIgniter\CodeIgniter->runController()
#9 /home/robl/phpDivinglog2/vendor/codeigniter4/framework/system/CodeIgniter.php(339): CodeIgniter\CodeIgniter->handleRequest()
#10 /home/robl/phpDivinglog2/public/index.php(36): CodeIgniter\CodeIgniter->run()
#11 /home/robl/phpDivinglog2/vendor/codeigniter4/framework/system/Commands/Server/rewrite.php(45): require_once('/home/robl/phpD...')
#12 {main}
ERROR - 2021-05-26 07:10:35 --> Column 'Place' in order clause is ambiguous
CRITICAL - 2021-05-26 07:10:35 --> Column 'Place' in order clause is ambiguous
#0 /home/robl/phpDivinglog2/vendor/codeigniter4/framework/system/Database/MySQLi/Connection.php(329): mysqli->query()
#1 /home/robl/phpDivinglog2/vendor/codeigniter4/framework/system/Database/BaseConnection.php(732): CodeIgniter\Database\MySQLi\Connection->execute()
#2 /home/robl/phpDivinglog2/vendor/codeigniter4/framework/system/Database/BaseConnection.php(647): CodeIgniter\Database\BaseConnection->simpleQuery()
#3 /home/robl/phpDivinglog2/vendor/codeigniter4/framework/system/Database/BaseBuilder.php(1881): CodeIgniter\Database\BaseConnection->query()
#4 /home/robl/phpDivinglog2/vendor/monken/tablesigniter/src/TablesIgniter.php(171): CodeIgniter\Database\BaseBuilder->get()
#5 /home/robl/phpDivinglog2/vendor/monken/tablesigniter/src/TablesIgniter.php(249): monken\TablesIgniter->getQuery()
#6 /home/robl/phpDivinglog2/app/Controllers/Place.php(32): monken\TablesIgniter->getDatatable()
#7 /home/robl/phpDivinglog2/vendor/codeigniter4/framework/system/CodeIgniter.php(931): App\Controllers\Place->fetch_all()
#8 /home/robl/phpDivinglog2/vendor/codeigniter4/framework/system/CodeIgniter.php(439): CodeIgniter\CodeIgniter->runController()
#9 /home/robl/phpDivinglog2/vendor/codeigniter4/framework/system/CodeIgniter.php(339): CodeIgniter\CodeIgniter->handleRequest()
#10 /home/robl/phpDivinglog2/public/index.php(36): CodeIgniter\CodeIgniter->run()
#11 /home/robl/phpDivinglog2/vendor/codeigniter4/framework/system/Commands/Server/rewrite.php(45): require_once('/home/robl/phpD...')
#12 {main}
CRITICAL - 2021-05-26 07:10:51 --> Must be requested by jQuery DataTables.
#0 /home/robl/phpDivinglog2/app/Controllers/Place.php(25): monken\TablesIgniter->__construct()
#1 /home/robl/phpDivinglog2/vendor/codeigniter4/framework/system/CodeIgniter.php(931): App\Controllers\Place->fetch_all()
#2 /home/robl/phpDivinglog2/vendor/codeigniter4/framework/system/CodeIgniter.php(439): CodeIgniter\CodeIgniter->runController()
#3 /home/robl/phpDivinglog2/vendor/codeigniter4/framework/system/CodeIgniter.php(339): CodeIgniter\CodeIgniter->handleRequest()
#4 /home/robl/phpDivinglog2/public/index.php(36): CodeIgniter\CodeIgniter->run()
#5 /home/robl/phpDivinglog2/vendor/codeigniter4/framework/system/Commands/Server/rewrite.php(45): require_once('/home/robl/phpD...')
#6 {main}
CRITICAL - 2021-05-26 07:12:15 --> Must be requested by jQuery DataTables.
#0 /home/robl/phpDivinglog2/app/Controllers/Place.php(25): monken\TablesIgniter->__construct()
#1 /home/robl/phpDivinglog2/vendor/codeigniter4/framework/system/CodeIgniter.php(931): App\Controllers\Place->fetch_all()
#2 /home/robl/phpDivinglog2/vendor/codeigniter4/framework/system/CodeIgniter.php(439): CodeIgniter\CodeIgniter->runController()
#3 /home/robl/phpDivinglog2/vendor/codeigniter4/framework/system/CodeIgniter.php(339): CodeIgniter\CodeIgniter->handleRequest()
#4 /home/robl/phpDivinglog2/public/index.php(36): CodeIgniter\CodeIgniter->run()
#5 /home/robl/phpDivinglog2/vendor/codeigniter4/framework/system/Commands/Server/rewrite.php(45): require_once('/home/robl/phpD...')
#6 {main}
ERROR - 2021-05-26 07:12:18 --> Column 'Place' in order clause is ambiguous
CRITICAL - 2021-05-26 07:12:18 --> Column 'Place' in order clause is ambiguous
#0 /home/robl/phpDivinglog2/vendor/codeigniter4/framework/system/Database/MySQLi/Connection.php(329): mysqli->query()
#1 /home/robl/phpDivinglog2/vendor/codeigniter4/framework/system/Database/BaseConnection.php(732): CodeIgniter\Database\MySQLi\Connection->execute()
#2 /home/robl/phpDivinglog2/vendor/codeigniter4/framework/system/Database/BaseConnection.php(647): CodeIgniter\Database\BaseConnection->simpleQuery()
#3 /home/robl/phpDivinglog2/vendor/codeigniter4/framework/system/Database/BaseBuilder.php(1881): CodeIgniter\Database\BaseConnection->query()
#4 /home/robl/phpDivinglog2/vendor/monken/tablesigniter/src/TablesIgniter.php(171): CodeIgniter\Database\BaseBuilder->get()
#5 /home/robl/phpDivinglog2/vendor/monken/tablesigniter/src/TablesIgniter.php(249): monken\TablesIgniter->getQuery()
#6 /home/robl/phpDivinglog2/app/Controllers/Place.php(32): monken\TablesIgniter->getDatatable()
#7 /home/robl/phpDivinglog2/vendor/codeigniter4/framework/system/CodeIgniter.php(931): App\Controllers\Place->fetch_all()
#8 /home/robl/phpDivinglog2/vendor/codeigniter4/framework/system/CodeIgniter.php(439): CodeIgniter\CodeIgniter->runController()
#9 /home/robl/phpDivinglog2/vendor/codeigniter4/framework/system/CodeIgniter.php(339): CodeIgniter\CodeIgniter->handleRequest()
#10 /home/robl/phpDivinglog2/public/index.php(36): CodeIgniter\CodeIgniter->run()
#11 /home/robl/phpDivinglog2/vendor/codeigniter4/framework/system/Commands/Server/rewrite.php(45): require_once('/home/robl/phpD...')
#12 {main}
CRITICAL - 2021-05-26 07:12:48 --> Undefined index: City
#0 /home/robl/phpDivinglog2/vendor/monken/tablesigniter/src/TablesIgniter.php(188): CodeIgniter\Debug\Exceptions->errorHandler()
#1 /home/robl/phpDivinglog2/vendor/monken/tablesigniter/src/TablesIgniter.php(252): monken\TablesIgniter->getOutputData()
#2 /home/robl/phpDivinglog2/app/Controllers/Place.php(32): monken\TablesIgniter->getDatatable()
#3 /home/robl/phpDivinglog2/vendor/codeigniter4/framework/system/CodeIgniter.php(931): App\Controllers\Place->fetch_all()
#4 /home/robl/phpDivinglog2/vendor/codeigniter4/framework/system/CodeIgniter.php(439): CodeIgniter\CodeIgniter->runController()
#5 /home/robl/phpDivinglog2/vendor/codeigniter4/framework/system/CodeIgniter.php(339): CodeIgniter\CodeIgniter->handleRequest()
#6 /home/robl/phpDivinglog2/public/index.php(36): CodeIgniter\CodeIgniter->run()
#7 /home/robl/phpDivinglog2/vendor/codeigniter4/framework/system/Commands/Server/rewrite.php(45): require_once('/home/robl/phpD...')
#8 {main}
CRITICAL - 2021-05-26 07:13:33 --> Invalid argument supplied for foreach()
#0 /home/robl/phpDivinglog2/vendor/monken/tablesigniter/src/TablesIgniter.php(184): CodeIgniter\Debug\Exceptions->errorHandler()
#1 /home/robl/phpDivinglog2/vendor/monken/tablesigniter/src/TablesIgniter.php(252): monken\TablesIgniter->getOutputData()
#2 /home/robl/phpDivinglog2/app/Controllers/Place.php(32): monken\TablesIgniter->getDatatable()
#3 /home/robl/phpDivinglog2/vendor/codeigniter4/framework/system/CodeIgniter.php(931): App\Controllers\Place->fetch_all()
#4 /home/robl/phpDivinglog2/vendor/codeigniter4/framework/system/CodeIgniter.php(439): CodeIgniter\CodeIgniter->runController()
#5 /home/robl/phpDivinglog2/vendor/codeigniter4/framework/system/CodeIgniter.php(339): CodeIgniter\CodeIgniter->handleRequest()
#6 /home/robl/phpDivinglog2/public/index.php(36): CodeIgniter\CodeIgniter->run()
#7 /home/robl/phpDivinglog2/vendor/codeigniter4/framework/system/Commands/Server/rewrite.php(45): require_once('/home/robl/phpD...')
#8 {main}
CRITICAL - 2021-05-26 07:14:10 --> Invalid argument supplied for foreach()
#0 /home/robl/phpDivinglog2/vendor/monken/tablesigniter/src/TablesIgniter.php(184): CodeIgniter\Debug\Exceptions->errorHandler()
#1 /home/robl/phpDivinglog2/vendor/monken/tablesigniter/src/TablesIgniter.php(252): monken\TablesIgniter->getOutputData()
#2 /home/robl/phpDivinglog2/app/Controllers/Place.php(32): monken\TablesIgniter->getDatatable()
#3 /home/robl/phpDivinglog2/vendor/codeigniter4/framework/system/CodeIgniter.php(931): App\Controllers\Place->fetch_all()
#4 /home/robl/phpDivinglog2/vendor/codeigniter4/framework/system/CodeIgniter.php(439): CodeIgniter\CodeIgniter->runController()
#5 /home/robl/phpDivinglog2/vendor/codeigniter4/framework/system/CodeIgniter.php(339): CodeIgniter\CodeIgniter->handleRequest()
#6 /home/robl/phpDivinglog2/public/index.php(36): CodeIgniter\CodeIgniter->run()
#7 /home/robl/phpDivinglog2/vendor/codeigniter4/framework/system/Commands/Server/rewrite.php(45): require_once('/home/robl/phpD...')
#8 {main}
CRITICAL - 2021-05-26 07:14:22 --> Invalid argument supplied for foreach()
#0 /home/robl/phpDivinglog2/vendor/monken/tablesigniter/src/TablesIgniter.php(184): CodeIgniter\Debug\Exceptions->errorHandler()
#1 /home/robl/phpDivinglog2/vendor/monken/tablesigniter/src/TablesIgniter.php(252): monken\TablesIgniter->getOutputData()
#2 /home/robl/phpDivinglog2/app/Controllers/Place.php(32): monken\TablesIgniter->getDatatable()
#3 /home/robl/phpDivinglog2/vendor/codeigniter4/framework/system/CodeIgniter.php(931): App\Controllers\Place->fetch_all()
#4 /home/robl/phpDivinglog2/vendor/codeigniter4/framework/system/CodeIgniter.php(439): CodeIgniter\CodeIgniter->runController()
#5 /home/robl/phpDivinglog2/vendor/codeigniter4/framework/system/CodeIgniter.php(339): CodeIgniter\CodeIgniter->handleRequest()
#6 /home/robl/phpDivinglog2/public/index.php(36): CodeIgniter\CodeIgniter->run()
#7 /home/robl/phpDivinglog2/vendor/codeigniter4/framework/system/Commands/Server/rewrite.php(45): require_once('/home/robl/phpD...')
#8 {main}
CRITICAL - 2021-05-26 07:15:55 --> Invalid argument supplied for foreach()
#0 /home/robl/phpDivinglog2/vendor/monken/tablesigniter/src/TablesIgniter.php(184): CodeIgniter\Debug\Exceptions->errorHandler()
#1 /home/robl/phpDivinglog2/vendor/monken/tablesigniter/src/TablesIgniter.php(252): monken\TablesIgniter->getOutputData()
#2 /home/robl/phpDivinglog2/app/Controllers/Place.php(32): monken\TablesIgniter->getDatatable()
#3 /home/robl/phpDivinglog2/vendor/codeigniter4/framework/system/CodeIgniter.php(931): App\Controllers\Place->fetch_all()
#4 /home/robl/phpDivinglog2/vendor/codeigniter4/framework/system/CodeIgniter.php(439): CodeIgniter\CodeIgniter->runController()
#5 /home/robl/phpDivinglog2/vendor/codeigniter4/framework/system/CodeIgniter.php(339): CodeIgniter\CodeIgniter->handleRequest()
#6 /home/robl/phpDivinglog2/public/index.php(36): CodeIgniter\CodeIgniter->run()
#7 /home/robl/phpDivinglog2/vendor/codeigniter4/framework/system/Commands/Server/rewrite.php(45): require_once('/home/robl/phpD...')
#8 {main}
CRITICAL - 2021-05-26 07:17:56 --> Invalid argument supplied for foreach()
#0 /home/robl/phpDivinglog2/vendor/monken/tablesigniter/src/TablesIgniter.php(184): CodeIgniter\Debug\Exceptions->errorHandler()
#1 /home/robl/phpDivinglog2/vendor/monken/tablesigniter/src/TablesIgniter.php(252): monken\TablesIgniter->getOutputData()
#2 /home/robl/phpDivinglog2/app/Controllers/Place.php(32): monken\TablesIgniter->getDatatable()
#3 /home/robl/phpDivinglog2/vendor/codeigniter4/framework/system/CodeIgniter.php(931): App\Controllers\Place->fetch_all()
#4 /home/robl/phpDivinglog2/vendor/codeigniter4/framework/system/CodeIgniter.php(439): CodeIgniter\CodeIgniter->runController()
#5 /home/robl/phpDivinglog2/vendor/codeigniter4/framework/system/CodeIgniter.php(339): CodeIgniter\CodeIgniter->handleRequest()
#6 /home/robl/phpDivinglog2/public/index.php(36): CodeIgniter\CodeIgniter->run()
#7 /home/robl/phpDivinglog2/vendor/codeigniter4/framework/system/Commands/Server/rewrite.php(45): require_once('/home/robl/phpD...')
#8 {main}
CRITICAL - 2021-05-26 07:18:06 --> Must be requested by jQuery DataTables.
#0 /home/robl/phpDivinglog2/app/Controllers/Place.php(25): monken\TablesIgniter->__construct()
#1 /home/robl/phpDivinglog2/vendor/codeigniter4/framework/system/CodeIgniter.php(931): App\Controllers\Place->fetch_all()
#2 /home/robl/phpDivinglog2/vendor/codeigniter4/framework/system/CodeIgniter.php(439): CodeIgniter\CodeIgniter->runController()
#3 /home/robl/phpDivinglog2/vendor/codeigniter4/framework/system/CodeIgniter.php(339): CodeIgniter\CodeIgniter->handleRequest()
#4 /home/robl/phpDivinglog2/public/index.php(36): CodeIgniter\CodeIgniter->run()
#5 /home/robl/phpDivinglog2/vendor/codeigniter4/framework/system/Commands/Server/rewrite.php(45): require_once('/home/robl/phpD...')
#6 {main}
CRITICAL - 2021-05-26 07:19:51 --> syntax error, unexpected ';', expecting ']'
#0 /home/robl/phpDivinglog2/vendor/codeigniter4/framework/system/Router/Router.php(169): CodeIgniter\Router\Router->autoRoute()
#1 /home/robl/phpDivinglog2/vendor/codeigniter4/framework/system/CodeIgniter.php(812): CodeIgniter\Router\Router->handle()
#2 /home/robl/phpDivinglog2/vendor/codeigniter4/framework/system/CodeIgniter.php(392): CodeIgniter\CodeIgniter->tryToRouteIt()
#3 /home/robl/phpDivinglog2/vendor/codeigniter4/framework/system/CodeIgniter.php(339): CodeIgniter\CodeIgniter->handleRequest()
#4 /home/robl/phpDivinglog2/public/index.php(36): CodeIgniter\CodeIgniter->run()
#5 /home/robl/phpDivinglog2/vendor/codeigniter4/framework/system/Commands/Server/rewrite.php(45): require_once('/home/robl/phpD...')
#6 {main}
ERROR - 2021-05-26 07:21:51 --> Column 'ID' in order clause is ambiguous
CRITICAL - 2021-05-26 07:21:51 --> Column 'ID' in order clause is ambiguous
#0 /home/robl/phpDivinglog2/vendor/codeigniter4/framework/system/Database/MySQLi/Connection.php(329): mysqli->query()
#1 /home/robl/phpDivinglog2/vendor/codeigniter4/framework/system/Database/BaseConnection.php(732): CodeIgniter\Database\MySQLi\Connection->execute()
#2 /home/robl/phpDivinglog2/vendor/codeigniter4/framework/system/Database/BaseConnection.php(647): CodeIgniter\Database\BaseConnection->simpleQuery()
#3 /home/robl/phpDivinglog2/vendor/codeigniter4/framework/system/Database/BaseBuilder.php(1881): CodeIgniter\Database\BaseConnection->query()
#4 /home/robl/phpDivinglog2/vendor/monken/tablesigniter/src/TablesIgniter.php(171): CodeIgniter\Database\BaseBuilder->get()
#5 /home/robl/phpDivinglog2/vendor/monken/tablesigniter/src/TablesIgniter.php(249): monken\TablesIgniter->getQuery()
#6 /home/robl/phpDivinglog2/app/Controllers/Place.php(32): monken\TablesIgniter->getDatatable()
#7 /home/robl/phpDivinglog2/vendor/codeigniter4/framework/system/CodeIgniter.php(931): App\Controllers\Place->fetch_all()
#8 /home/robl/phpDivinglog2/vendor/codeigniter4/framework/system/CodeIgniter.php(439): CodeIgniter\CodeIgniter->runController()
#9 /home/robl/phpDivinglog2/vendor/codeigniter4/framework/system/CodeIgniter.php(339): CodeIgniter\CodeIgniter->handleRequest()
#10 /home/robl/phpDivinglog2/public/index.php(36): CodeIgniter\CodeIgniter->run()
#11 /home/robl/phpDivinglog2/vendor/codeigniter4/framework/system/Commands/Server/rewrite.php(45): require_once('/home/robl/phpD...')
#12 {main}
ERROR - 2021-05-26 07:22:46 --> Column 'ID' in order clause is ambiguous
CRITICAL - 2021-05-26 07:22:46 --> Column 'ID' in order clause is ambiguous
#0 /home/robl/phpDivinglog2/vendor/codeigniter4/framework/system/Database/MySQLi/Connection.php(329): mysqli->query()
#1 /home/robl/phpDivinglog2/vendor/codeigniter4/framework/system/Database/BaseConnection.php(732): CodeIgniter\Database\MySQLi\Connection->execute()
#2 /home/robl/phpDivinglog2/vendor/codeigniter4/framework/system/Database/BaseConnection.php(647): CodeIgniter\Database\BaseConnection->simpleQuery()
#3 /home/robl/phpDivinglog2/vendor/codeigniter4/framework/system/Database/BaseBuilder.php(1881): CodeIgniter\Database\BaseConnection->query()
#4 /home/robl/phpDivinglog2/vendor/monken/tablesigniter/src/TablesIgniter.php(171): CodeIgniter\Database\BaseBuilder->get()
#5 /home/robl/phpDivinglog2/vendor/monken/tablesigniter/src/TablesIgniter.php(249): monken\TablesIgniter->getQuery()
#6 /home/robl/phpDivinglog2/app/Controllers/Place.php(32): monken\TablesIgniter->getDatatable()
#7 /home/robl/phpDivinglog2/vendor/codeigniter4/framework/system/CodeIgniter.php(931): App\Controllers\Place->fetch_all()
#8 /home/robl/phpDivinglog2/vendor/codeigniter4/framework/system/CodeIgniter.php(439): CodeIgniter\CodeIgniter->runController()
#9 /home/robl/phpDivinglog2/vendor/codeigniter4/framework/system/CodeIgniter.php(339): CodeIgniter\CodeIgniter->handleRequest()
#10 /home/robl/phpDivinglog2/public/index.php(36): CodeIgniter\CodeIgniter->run()
#11 /home/robl/phpDivinglog2/vendor/codeigniter4/framework/system/Commands/Server/rewrite.php(45): require_once('/home/robl/phpD...')
#12 {main}
ERROR - 2021-05-26 07:22:49 --> Column 'ID' in order clause is ambiguous
CRITICAL - 2021-05-26 07:22:49 --> Column 'ID' in order clause is ambiguous
#0 /home/robl/phpDivinglog2/vendor/codeigniter4/framework/system/Database/MySQLi/Connection.php(329): mysqli->query()
#1 /home/robl/phpDivinglog2/vendor/codeigniter4/framework/system/Database/BaseConnection.php(732): CodeIgniter\Database\MySQLi\Connection->execute()
#2 /home/robl/phpDivinglog2/vendor/codeigniter4/framework/system/Database/BaseConnection.php(647): CodeIgniter\Database\BaseConnection->simpleQuery()
#3 /home/robl/phpDivinglog2/vendor/codeigniter4/framework/system/Database/BaseBuilder.php(1881): CodeIgniter\Database\BaseConnection->query()
#4 /home/robl/phpDivinglog2/vendor/monken/tablesigniter/src/TablesIgniter.php(171): CodeIgniter\Database\BaseBuilder->get()
#5 /home/robl/phpDivinglog2/vendor/monken/tablesigniter/src/TablesIgniter.php(249): monken\TablesIgniter->getQuery()
#6 /home/robl/phpDivinglog2/app/Controllers/Place.php(32): monken\TablesIgniter->getDatatable()
#7 /home/robl/phpDivinglog2/vendor/codeigniter4/framework/system/CodeIgniter.php(931): App\Controllers\Place->fetch_all()
#8 /home/robl/phpDivinglog2/vendor/codeigniter4/framework/system/CodeIgniter.php(439): CodeIgniter\CodeIgniter->runController()
#9 /home/robl/phpDivinglog2/vendor/codeigniter4/framework/system/CodeIgniter.php(339): CodeIgniter\CodeIgniter->handleRequest()
#10 /home/robl/phpDivinglog2/public/index.php(36): CodeIgniter\CodeIgniter->run()
#11 /home/robl/phpDivinglog2/vendor/codeigniter4/framework/system/Commands/Server/rewrite.php(45): require_once('/home/robl/phpD...')
#12 {main}
CRITICAL - 2021-05-26 07:27:08 --> Object of class CodeIgniter\Database\MySQLi\Result could not be converted to string
#0 /home/robl/phpDivinglog2/app/Controllers/Place.php(26): App\Models\PlaceModel->noticeTable()
#1 /home/robl/phpDivinglog2/vendor/codeigniter4/framework/system/CodeIgniter.php(931): App\Controllers\Place->fetch_all()
#2 /home/robl/phpDivinglog2/vendor/codeigniter4/framework/system/CodeIgniter.php(439): CodeIgniter\CodeIgniter->runController()
#3 /home/robl/phpDivinglog2/vendor/codeigniter4/framework/system/CodeIgniter.php(339): CodeIgniter\CodeIgniter->handleRequest()
#4 /home/robl/phpDivinglog2/public/index.php(36): CodeIgniter\CodeIgniter->run()
#5 /home/robl/phpDivinglog2/vendor/codeigniter4/framework/system/Commands/Server/rewrite.php(45): require_once('/home/robl/phpD...')
#6 {main}
CRITICAL - 2021-05-26 07:28:12 --> Object of class CodeIgniter\Database\MySQLi\Result could not be converted to string
#0 /home/robl/phpDivinglog2/app/Controllers/Place.php(26): App\Models\PlaceModel->noticeTable()
#1 /home/robl/phpDivinglog2/vendor/codeigniter4/framework/system/CodeIgniter.php(931): App\Controllers\Place->fetch_all()
#2 /home/robl/phpDivinglog2/vendor/codeigniter4/framework/system/CodeIgniter.php(439): CodeIgniter\CodeIgniter->runController()
#3 /home/robl/phpDivinglog2/vendor/codeigniter4/framework/system/CodeIgniter.php(339): CodeIgniter\CodeIgniter->handleRequest()
#4 /home/robl/phpDivinglog2/public/index.php(36): CodeIgniter\CodeIgniter->run()
#5 /home/robl/phpDivinglog2/vendor/codeigniter4/framework/system/Commands/Server/rewrite.php(45): require_once('/home/robl/phpD...')
#6 {main}
